<?xml version="1.0" encoding="UTF-8"?>
<!-- Generated by org.testng.reporters.JUnitReportReporter -->
<testsuite skipped="0" hostname="SwapnilJoshi-PC" name="com.crm.testcase.DocumentTest" tests="2" failures="0" timestamp="08 Aug 2020 06:41:51 GMT" time="63.202" errors="0">
  <testcase name="Checkdocumenvalidation" time="40.296" classname="com.crm.testcase.DocumentTest"/>
  <testcase name="Createnewdocuement" time="22.906" classname="com.crm.testcase.DocumentTest"/>
</testsuite> <!-- com.crm.testcase.DocumentTest -->
