<?xml version="1.0" encoding="UTF-8"?>
<!-- Generated by org.testng.reporters.JUnitReportReporter -->
<testsuite skipped="0" hostname="SwapnilJoshi-PC" name="com.crm.testcase.DealPageTest" tests="1" failures="0" timestamp="08 Aug 2020 06:41:51 GMT" time="23.510" errors="0">
  <testcase name="Createnewcontact" time="23.510" classname="com.crm.testcase.DealPageTest"/>
</testsuite> <!-- com.crm.testcase.DealPageTest -->
