<?xml version="1.0" encoding="UTF-8"?>
<!-- Generated by org.testng.reporters.JUnitReportReporter -->
<testsuite skipped="0" hostname="SwapnilJoshi-PC" name="com.crm.testcase.LoginToCRMTest" tests="3" failures="0" timestamp="08 Aug 2020 05:50:04 GMT" time="43.593" errors="0">
  <testcase name="logintoapplication" time="24.424" classname="com.crm.testcase.LoginToCRMTest"/>
  <testcase name="verifypagetitle" time="9.468" classname="com.crm.testcase.LoginToCRMTest"/>
  <testcase name="verifylogopresent" time="9.701" classname="com.crm.testcase.LoginToCRMTest"/>
</testsuite> <!-- com.crm.testcase.LoginToCRMTest -->
